16:18:19.302 [main] DEBUG tests.LoginTest - Browser Initiation
16:18:26.230 [main] DEBUG tests.LoginTest - Navigate to application url
16:18:26.433 [main] DEBUG tests.LoginTest - clicked on my account dropdown
16:18:26.957 [main] DEBUG tests.LoginTest - clicked on login dropdown
16:18:27.232 [main] DEBUG tests.LoginTest - sending email
16:18:27.402 [main] DEBUG tests.LoginTest - sending password
16:18:28.470 [main] DEBUG tests.LoginTest - clicked on login button
16:18:28.475 [main] DEBUG tests.LoginTest - user got logedin
16:18:31.036 [main] DEBUG tests.LoginTest - Browser Initiation
16:18:48.810 [main] DEBUG tests.LoginTest - Navigate to application url
16:18:48.962 [main] DEBUG tests.LoginTest - clicked on my account dropdown
16:18:49.754 [main] DEBUG tests.LoginTest - clicked on login dropdown
16:18:49.996 [main] DEBUG tests.LoginTest - sending email
16:18:50.143 [main] DEBUG tests.LoginTest - sending password
16:18:50.644 [main] DEBUG tests.LoginTest - clicked on login button
16:18:50.644 [main] DEBUG tests.LoginTest - user got logedin
16:24:48.235 [main] DEBUG tests.LoginTest - Browser Initiation
16:25:03.155 [main] DEBUG tests.LoginTest - Navigate to application url
16:25:03.334 [main] DEBUG tests.LoginTest - clicked on my account dropdown
16:25:03.831 [main] DEBUG tests.LoginTest - clicked on login dropdown
16:25:04.089 [main] DEBUG tests.LoginTest - sending email
16:25:04.255 [main] DEBUG tests.LoginTest - sending password
16:25:05.031 [main] DEBUG tests.LoginTest - clicked on login button
16:25:05.033 [main] DEBUG tests.LoginTest - user got logedin
16:25:05.034 [main] ERROR tests.LoginTest - Login Test got failed
16:25:07.159 [main] DEBUG tests.LoginTest - Browser Initiation
16:25:31.464 [main] DEBUG tests.LoginTest - Navigate to application url
16:25:31.621 [main] DEBUG tests.LoginTest - clicked on my account dropdown
16:25:32.126 [main] DEBUG tests.LoginTest - clicked on login dropdown
16:25:32.337 [main] DEBUG tests.LoginTest - sending email
16:25:32.487 [main] DEBUG tests.LoginTest - sending password
16:25:32.956 [main] DEBUG tests.LoginTest - clicked on login button
16:25:32.956 [main] DEBUG tests.LoginTest - user got logedin
16:25:32.957 [main] ERROR tests.LoginTest - Login Test got failed
